d:\aaaawordspace\hk_vision\debug_hkvision\hk_algorithm\debug_detectline_template\debug_detect_line_cproj\debug_detect_line\debug_detect_line\x64\release\vc143.pdb
d:\aaaawordspace\hk_vision\debug_hkvision\hk_algorithm\debug_detectline_template\debug_detect_line_cproj\debug_detect_line\debug_detect_line\x64\release\linedetect.obj
d:\aaaawordspace\hk_vision\debug_hkvision\hk_algorithm\debug_detectline_template\debug_detect_line_cproj\debug_detect_line\debug_detect_line\x64\release\algorithmmodule.obj
d:\aaaawordspace\hk_vision\debug_hkvision\hk_algorithm\debug_detectline_template\debug_detect_line_cproj\debug_detect_line\debug_detect_line\x64\release\vmmodule_io.obj
d:\aaaawordspace\hk_vision\debug_hkvision\hk_algorithm\debug_detectline_template\debug_detect_line_cproj\debug_detect_line\debug_detect_line\x64\release\vmmodulesharedmemorybase.obj
d:\aaaawordspace\hk_vision\debug_hkvision\hk_algorithm\debug_detectline_template\debug_detect_line_cproj\debug_detect_line\debug_detect_line\x64\release\vmalgmoducommon.obj
d:\aaaawordspace\hk_vision\debug_hkvision\hk_algorithm\debug_detectline_template\debug_detect_line_cproj\debug_detect_line\debug_detect_line\x64\release\vmalgmodubase.obj
d:\aaaawordspace\hk_vision\debug_hkvision\hk_algorithm\debug_detectline_template\debug_detect_line_cproj\debug_detect_line\debug_detect_line\x64\release\tinyxml2.obj
d:\aaaawordspace\hk_vision\debug_hkvision\hk_algorithm\debug_detectline_template\debug_detect_line_cproj\debug_detect_line\debug_detect_line\x64\release\sharedmemory.obj
d:\aaaawordspace\hk_vision\debug_hkvision\hk_algorithm\debug_detectline_template\debug_detect_line_cproj\debug_detect_line\debug_detect_line\x64\release\dllmain.obj
d:\aaaawordspace\hk_vision\hk_vision_softwate\visionmaster4.4.0\applications\module(sp)\x64\location\debug_detect_line\debug_detect_line.lib
d:\aaaawordspace\hk_vision\hk_vision_softwate\visionmaster4.4.0\applications\module(sp)\x64\location\debug_detect_line\debug_detect_line.exp
d:\aaaawordspace\hk_vision\hk_vision_softwate\visionmaster4.4.0\applications\module(sp)\x64\location\debug_detect_line\debug_detect_line.dll
d:\aaaawordspace\hk_vision\debug_hkvision\hk_algorithm\debug_detectline_template\debug_detect_line_cproj\debug_detect_line\debug_detect_line\x64\release\debug_detect_line.ipdb
d:\aaaawordspace\hk_vision\hk_vision_softwate\visionmaster4.4.0\applications\module(sp)\x64\location\debug_detect_line\debug_detect_line.pdb
d:\aaaawordspace\hk_vision\debug_hkvision\hk_algorithm\debug_detectline_template\debug_detect_line_cproj\debug_detect_line\debug_detect_line\x64\release\debug_detect_line.iobj
d:\aaaawordspace\hk_vision\debug_hkvision\hk_algorithm\debug_detectline_template\debug_detect_line_cproj\debug_detect_line\debug_detect_line\x64\release\debug_de.58e3aa03.tlog\cl.command.1.tlog
d:\aaaawordspace\hk_vision\debug_hkvision\hk_algorithm\debug_detectline_template\debug_detect_line_cproj\debug_detect_line\debug_detect_line\x64\release\debug_de.58e3aa03.tlog\cl.read.1.tlog
d:\aaaawordspace\hk_vision\debug_hkvision\hk_algorithm\debug_detectline_template\debug_detect_line_cproj\debug_detect_line\debug_detect_line\x64\release\debug_de.58e3aa03.tlog\cl.write.1.tlog
d:\aaaawordspace\hk_vision\debug_hkvision\hk_algorithm\debug_detectline_template\debug_detect_line_cproj\debug_detect_line\debug_detect_line\x64\release\debug_de.58e3aa03.tlog\debug_detect_line.write.1u.tlog
d:\aaaawordspace\hk_vision\debug_hkvision\hk_algorithm\debug_detectline_template\debug_detect_line_cproj\debug_detect_line\debug_detect_line\x64\release\debug_de.58e3aa03.tlog\link.command.1.tlog
d:\aaaawordspace\hk_vision\debug_hkvision\hk_algorithm\debug_detectline_template\debug_detect_line_cproj\debug_detect_line\debug_detect_line\x64\release\debug_de.58e3aa03.tlog\link.read.1.tlog
d:\aaaawordspace\hk_vision\debug_hkvision\hk_algorithm\debug_detectline_template\debug_detect_line_cproj\debug_detect_line\debug_detect_line\x64\release\debug_de.58e3aa03.tlog\link.write.1.tlog
